# JRE version: Java(TM) SE Runtime Environment (8.0_66-b17) (build 1.8.0_66-b17)
# Java VM: Java HotSpot(TM) 64-Bit Server VM (25.66-b17 mixed mode linux-amd64 compressed oops)
Heap:
 PSYoungGen      total 171008K, used 10221K [0x00000000ebb00000, 0x00000000f6d80000, 0x0000000100000000)
  eden space 160768K, 0% used [0x00000000ebb00000,0x00000000ebb00000,0x00000000f5800000)
  from space 10240K, 99% used [0x00000000f5800000,0x00000000f61fb660,0x00000000f6200000)
  to   space 8704K, 0% used [0x00000000f6200000,0x00000000f6200000,0x00000000f6a80000)
 ParOldGen       total 42496K, used 23961K [0x00000000c3000000, 0x00000000c5980000, 0x00000000ebb00000)
  object space 42496K, 56% used [0x00000000c3000000,0x00000000c4766630,0x00000000c5980000)
 Metaspace       used 19363K, capacity 19652K, committed 19840K, reserved 1067008K
  class space    used 2516K, capacity 2620K, committed 2688K, reserved 1048576K
GC Heap History (10 events):
Event: 11,356 GC heap after
Heap after GC invocations=8 (full 0):
 PSYoungGen      total 69632K, used 3520K [0x00000000ebb00000, 0x00000000f0500000, 0x0000000100000000)
  eden space 63488K, 0% used [0x00000000ebb00000,0x00000000ebb00000,0x00000000ef900000)
  from space 6144K, 57% used [0x00000000eff00000,0x00000000f0270000,0x00000000f0500000)
  to   space 6144K, 0% used [0x00000000ef900000,0x00000000ef900000,0x00000000eff00000)
 ParOldGen       total 42496K, used 12995K [0x00000000c3000000, 0x00000000c5980000, 0x00000000ebb00000)
  object space 42496K, 30% used [0x00000000c3000000,0x00000000c3cb0d20,0x00000000c5980000)
 Metaspace       used 14980K, capacity 15184K, committed 15360K, reserved 1062912K
  class space    used 1921K, capacity 1992K, committed 2048K, reserved 1048576K
}
Event: 11,761 GC heap before
{Heap before GC invocations=9 (full 0):
 PSYoungGen      total 69632K, used 67008K [0x00000000ebb00000, 0x00000000f0500000, 0x0000000100000000)
  eden space 63488K, 100% used [0x00000000ebb00000,0x00000000ef900000,0x00000000ef900000)
  from space 6144K, 57% used [0x00000000eff00000,0x00000000f0270000,0x00000000f0500000)
  to   space 6144K, 0% used [0x00000000ef900000,0x00000000ef900000,0x00000000eff00000)
 ParOldGen       total 42496K, used 12995K [0x00000000c3000000, 0x00000000c5980000, 0x00000000ebb00000)
  object space 42496K, 30% used [0x00000000c3000000,0x00000000c3cb0d20,0x00000000c5980000)
 Metaspace       used 15125K, capacity 15376K, committed 15616K, reserved 1062912K
  class space    used 1923K, capacity 1992K, committed 2048K, reserved 1048576K
Event: 11,769 GC heap after
Heap after GC invocations=9 (full 0):
 PSYoungGen      total 69632K, used 6106K [0x00000000ebb00000, 0x00000000f2b80000, 0x0000000100000000)
  eden space 63488K, 0% used [0x00000000ebb00000,0x00000000ebb00000,0x00000000ef900000)
  from space 6144K, 99% used [0x00000000ef900000,0x00000000efef6810,0x00000000eff00000)
  to   space 6656K, 0% used [0x00000000f2500000,0x00000000f2500000,0x00000000f2b80000)
 ParOldGen       total 42496K, used 13403K [0x00000000c3000000, 0x00000000c5980000, 0x00000000ebb00000)
  object space 42496K, 31% used [0x00000000c3000000,0x00000000c3d16d20,0x00000000c5980000)
 Metaspace       used 15125K, capacity 15376K, committed 15616K, reserved 1062912K
  class space    used 1923K, capacity 1992K, committed 2048K, reserved 1048576K
}
Event: 12,077 GC heap before
{Heap before GC invocations=10 (full 0):
 PSYoungGen      total 69632K, used 69594K [0x00000000ebb00000, 0x00000000f2b80000, 0x0000000100000000)
  eden space 63488K, 100% used [0x00000000ebb00000,0x00000000ef900000,0x00000000ef900000)
  from space 6144K, 99% used [0x00000000ef900000,0x00000000efef6810,0x00000000eff00000)
  to   space 6656K, 0% used [0x00000000f2500000,0x00000000f2500000,0x00000000f2b80000)
 ParOldGen       total 42496K, used 13403K [0x00000000c3000000, 0x00000000c5980000, 0x00000000ebb00000)
  object space 42496K, 31% used [0x00000000c3000000,0x00000000c3d16d20,0x00000000c5980000)
 Metaspace       used 15187K, capacity 15382K, committed 15616K, reserved 1062912K
  class space    used 1923K, capacity 1993K, committed 2048K, reserved 1048576K
Event: 12,086 GC heap after
Heap after GC invocations=10 (full 0):
 PSYoungGen      total 108032K, used 5920K [0x00000000ebb00000, 0x00000000f2c80000, 0x0000000100000000)
  eden space 101376K, 0% used [0x00000000ebb00000,0x00000000ebb00000,0x00000000f1e00000)
  from space 6656K, 88% used [0x00000000f2500000,0x00000000f2ac8000,0x00000000f2b80000)
  to   space 7168K, 0% used [0x00000000f1e00000,0x00000000f1e00000,0x00000000f2500000)
 ParOldGen       total 42496K, used 13579K [0x00000000c3000000, 0x00000000c5980000, 0x00000000ebb00000)
  object space 42496K, 31% used [0x00000000c3000000,0x00000000c3d42d20,0x00000000c5980000)
 Metaspace       used 15187K, capacity 15382K, committed 15616K, reserved 1062912K
  class space    used 1923K, capacity 1993K, committed 2048K, reserved 1048576K
}
Event: 12,766 GC heap before
{Heap before GC invocations=11 (full 0):
 PSYoungGen      total 108032K, used 107296K [0x00000000ebb00000, 0x00000000f2c80000, 0x0000000100000000)
  eden space 101376K, 100% used [0x00000000ebb00000,0x00000000f1e00000,0x00000000f1e00000)
  from space 6656K, 88% used [0x00000000f2500000,0x00000000f2ac8000,0x00000000f2b80000)
  to   space 7168K, 0% used [0x00000000f1e00000,0x00000000f1e00000,0x00000000f2500000)
 ParOldGen       total 42496K, used 13579K [0x00000000c3000000, 0x00000000c5980000, 0x00000000ebb00000)
  object space 42496K, 31% used [0x00000000c3000000,0x00000000c3d42d20,0x00000000c5980000)
 Metaspace       used 15724K, capacity 16002K, committed 16256K, reserved 1062912K
  class space    used 1986K, capacity 2091K, committed 2176K, reserved 1048576K
Event: 12,778 GC heap after
Heap after GC invocations=11 (full 0):
 PSYoungGen      total 108544K, used 7154K [0x00000000ebb00000, 0x00000000f6a80000, 0x0000000100000000)
  eden space 101376K, 0% used [0x00000000ebb00000,0x00000000ebb00000,0x00000000f1e00000)
  from space 7168K, 99% used [0x00000000f1e00000,0x00000000f24fcb88,0x00000000f2500000)
  to   space 8704K, 0% used [0x00000000f6200000,0x00000000f6200000,0x00000000f6a80000)
 ParOldGen       total 42496K, used 16601K [0x00000000c3000000, 0x00000000c5980000, 0x00000000ebb00000)
  object space 42496K, 39% used [0x00000000c3000000,0x00000000c4036630,0x00000000c5980000)
 Metaspace       used 15724K, capacity 16002K, committed 16256K, reserved 1062912K
  class space    used 1986K, capacity 2091K, committed 2176K, reserved 1048576K
}
Event: 13,183 GC heap before
{Heap before GC invocations=12 (full 0):
 PSYoungGen      total 108544K, used 108530K [0x00000000ebb00000, 0x00000000f6a80000, 0x0000000100000000)
  eden space 101376K, 100% used [0x00000000ebb00000,0x00000000f1e00000,0x00000000f1e00000)
  from space 7168K, 99% used [0x00000000f1e00000,0x00000000f24fcb88,0x00000000f2500000)
  to   space 8704K, 0% used [0x00000000f6200000,0x00000000f6200000,0x00000000f6a80000)
 ParOldGen       total 42496K, used 16601K [0x00000000c3000000, 0x00000000c5980000, 0x00000000ebb00000)
  object space 42496K, 39% used [0x00000000c3000000,0x00000000c4036630,0x00000000c5980000)
 Metaspace       used 15803K, capacity 16130K, committed 16256K, reserved 1062912K
  class space    used 1988K, capacity 2091K, committed 2176K, reserved 1048576K
Event: 13,272 GC heap after
Heap after GC invocations=12 (full 0):
 PSYoungGen      total 169472K, used 8704K [0x00000000ebb00000, 0x00000000f6d80000, 0x0000000100000000)
  eden space 160768K, 0% used [0x00000000ebb00000,0x00000000ebb00000,0x00000000f5800000)
  from space 8704K, 100% used [0x00000000f6200000,0x00000000f6a80000,0x00000000f6a80000)
  to   space 10240K, 0% used [0x00000000f5800000,0x00000000f5800000,0x00000000f6200000)
 ParOldGen       total 42496K, used 17833K [0x00000000c3000000, 0x00000000c5980000, 0x00000000ebb00000)
  object space 42496K, 41% used [0x00000000c3000000,0x00000000c416a630,0x00000000c5980000)
 Metaspace       used 15803K, capacity 16130K, committed 16256K, reserved 1062912K
  class space    used 1988K, capacity 2091K, committed 2176K, reserved 1048576K
}
Event: 38,480 GC heap before
{Heap before GC invocations=13 (full 0):
 PSYoungGen      total 169472K, used 169472K [0x00000000ebb00000, 0x00000000f6d80000, 0x0000000100000000)
  eden space 160768K, 100% used [0x00000000ebb00000,0x00000000f5800000,0x00000000f5800000)
  from space 8704K, 100% used [0x00000000f6200000,0x00000000f6a80000,0x00000000f6a80000)
  to   space 10240K, 0% used [0x00000000f5800000,0x00000000f5800000,0x00000000f6200000)
 ParOldGen       total 42496K, used 17833K [0x00000000c3000000, 0x00000000c5980000, 0x00000000ebb00000)
  object space 42496K, 41% used [0x00000000c3000000,0x00000000c416a630,0x00000000c5980000)
 Metaspace       used 19363K, capacity 19652K, committed 19840K, reserved 1067008K
  class space    used 2516K, capacity 2620K, committed 2688K, reserved 1048576K

