# JRE version: Java(TM) SE Runtime Environment (8.0_66-b17) (build 1.8.0_66-b17)
# Java VM: Java HotSpot(TM) 64-Bit Server VM (25.66-b17 mixed mode linux-amd64 compressed oops)
Heap:
 PSYoungGen      total 108544K, used 7154K [0x00000000ebb00000, 0x00000000f2c80000, 0x0000000100000000)
  eden space 101376K, 0% used [0x00000000ebb00000,0x00000000ebb00000,0x00000000f1e00000)
  from space 7168K, 99% used [0x00000000f1e00000,0x00000000f24fcb88,0x00000000f2500000)
  to   space 6656K, 0% used [0x00000000f2500000,0x00000000f2500000,0x00000000f2b80000)
 ParOldGen       total 42496K, used 16624K [0x00000000c3000000, 0x00000000c5980000, 0x00000000ebb00000)
  object space 42496K, 39% used [0x00000000c3000000,0x00000000c403c210,0x00000000c5980000)
 Metaspace       used 15727K, capacity 16002K, committed 16256K, reserved 1062912K
  class space    used 1986K, capacity 2091K, committed 2176K, reserved 1048576K
GC Heap History (10 events):
Event: 10,501 GC heap after
Heap after GC invocations=6 (full 0):
 PSYoungGen      total 37888K, used 4433K [0x00000000ebb00000, 0x00000000ee600000, 0x0000000100000000)
  eden space 31744K, 0% used [0x00000000ebb00000,0x00000000ebb00000,0x00000000eda00000)
  from space 6144K, 72% used [0x00000000ee000000,0x00000000ee4547e0,0x00000000ee600000)
  to   space 6144K, 0% used [0x00000000eda00000,0x00000000eda00000,0x00000000ee000000)
 ParOldGen       total 42496K, used 10517K [0x00000000c3000000, 0x00000000c5980000, 0x00000000ebb00000)
  object space 42496K, 24% used [0x00000000c3000000,0x00000000c3a45708,0x00000000c5980000)
 Metaspace       used 14728K, capacity 14896K, committed 15104K, reserved 1062912K
  class space    used 1888K, capacity 1960K, committed 2048K, reserved 1048576K
}
Event: 10,849 GC heap before
{Heap before GC invocations=7 (full 0):
 PSYoungGen      total 37888K, used 36177K [0x00000000ebb00000, 0x00000000ee600000, 0x0000000100000000)
  eden space 31744K, 100% used [0x00000000ebb00000,0x00000000eda00000,0x00000000eda00000)
  from space 6144K, 72% used [0x00000000ee000000,0x00000000ee4547e0,0x00000000ee600000)
  to   space 6144K, 0% used [0x00000000eda00000,0x00000000eda00000,0x00000000ee000000)
 ParOldGen       total 42496K, used 10517K [0x00000000c3000000, 0x00000000c5980000, 0x00000000ebb00000)
  object space 42496K, 24% used [0x00000000c3000000,0x00000000c3a45708,0x00000000c5980000)
 Metaspace       used 14919K, capacity 15120K, committed 15360K, reserved 1062912K
  class space    used 1916K, capacity 1992K, committed 2048K, reserved 1048576K
Event: 10,865 GC heap after
Heap after GC invocations=7 (full 0):
 PSYoungGen      total 37888K, used 4469K [0x00000000ebb00000, 0x00000000f0500000, 0x0000000100000000)
  eden space 31744K, 0% used [0x00000000ebb00000,0x00000000ebb00000,0x00000000eda00000)
  from space 6144K, 72% used [0x00000000eda00000,0x00000000ede5d720,0x00000000ee000000)
  to   space 6144K, 0% used [0x00000000eff00000,0x00000000eff00000,0x00000000f0500000)
 ParOldGen       total 42496K, used 12081K [0x00000000c3000000, 0x00000000c5980000, 0x00000000ebb00000)
  object space 42496K, 28% used [0x00000000c3000000,0x00000000c3bcc4d8,0x00000000c5980000)
 Metaspace       used 14919K, capacity 15120K, committed 15360K, reserved 1062912K
  class space    used 1916K, capacity 1992K, committed 2048K, reserved 1048576K
}
Event: 11,103 GC heap before
{Heap before GC invocations=8 (full 0):
 PSYoungGen      total 37888K, used 36213K [0x00000000ebb00000, 0x00000000f0500000, 0x0000000100000000)
  eden space 31744K, 100% used [0x00000000ebb00000,0x00000000eda00000,0x00000000eda00000)
  from space 6144K, 72% used [0x00000000eda00000,0x00000000ede5d720,0x00000000ee000000)
  to   space 6144K, 0% used [0x00000000eff00000,0x00000000eff00000,0x00000000f0500000)
 ParOldGen       total 42496K, used 12081K [0x00000000c3000000, 0x00000000c5980000, 0x00000000ebb00000)
  object space 42496K, 28% used [0x00000000c3000000,0x00000000c3bcc4d8,0x00000000c5980000)
 Metaspace       used 15000K, capacity 15184K, committed 15360K, reserved 1062912K
  class space    used 1921K, capacity 1992K, committed 2048K, reserved 1048576K
Event: 11,111 GC heap after
Heap after GC invocations=8 (full 0):
 PSYoungGen      total 69632K, used 3488K [0x00000000ebb00000, 0x00000000f0500000, 0x0000000100000000)
  eden space 63488K, 0% used [0x00000000ebb00000,0x00000000ebb00000,0x00000000ef900000)
  from space 6144K, 56% used [0x00000000eff00000,0x00000000f0268000,0x00000000f0500000)
  to   space 6144K, 0% used [0x00000000ef900000,0x00000000ef900000,0x00000000eff00000)
 ParOldGen       total 42496K, used 13005K [0x00000000c3000000, 0x00000000c5980000, 0x00000000ebb00000)
  object space 42496K, 30% used [0x00000000c3000000,0x00000000c3cb3720,0x00000000c5980000)
 Metaspace       used 15000K, capacity 15184K, committed 15360K, reserved 1062912K
  class space    used 1921K, capacity 1992K, committed 2048K, reserved 1048576K
}
Event: 11,606 GC heap before
{Heap before GC invocations=9 (full 0):
 PSYoungGen      total 69632K, used 66976K [0x00000000ebb00000, 0x00000000f0500000, 0x0000000100000000)
  eden space 63488K, 100% used [0x00000000ebb00000,0x00000000ef900000,0x00000000ef900000)
  from space 6144K, 56% used [0x00000000eff00000,0x00000000f0268000,0x00000000f0500000)
  to   space 6144K, 0% used [0x00000000ef900000,0x00000000ef900000,0x00000000eff00000)
 ParOldGen       total 42496K, used 13005K [0x00000000c3000000, 0x00000000c5980000, 0x00000000ebb00000)
  object space 42496K, 30% used [0x00000000c3000000,0x00000000c3cb3720,0x00000000c5980000)
 Metaspace       used 15144K, capacity 15376K, committed 15616K, reserved 1062912K
  class space    used 1923K, capacity 1992K, committed 2048K, reserved 1048576K
Event: 11,617 GC heap after
Heap after GC invocations=9 (full 0):
 PSYoungGen      total 69632K, used 6010K [0x00000000ebb00000, 0x00000000f2b80000, 0x0000000100000000)
  eden space 63488K, 0% used [0x00000000ebb00000,0x00000000ebb00000,0x00000000ef900000)
  from space 6144K, 97% used [0x00000000ef900000,0x00000000efede810,0x00000000eff00000)
  to   space 6656K, 0% used [0x00000000f2500000,0x00000000f2500000,0x00000000f2b80000)
 ParOldGen       total 42496K, used 13405K [0x00000000c3000000, 0x00000000c5980000, 0x00000000ebb00000)
  object space 42496K, 31% used [0x00000000c3000000,0x00000000c3d17720,0x00000000c5980000)
 Metaspace       used 15144K, capacity 15376K, committed 15616K, reserved 1062912K
  class space    used 1923K, capacity 1992K, committed 2048K, reserved 1048576K
}
Event: 12,611 GC heap before
{Heap before GC invocations=10 (full 0):
 PSYoungGen      total 69632K, used 69498K [0x00000000ebb00000, 0x00000000f2b80000, 0x0000000100000000)
  eden space 63488K, 100% used [0x00000000ebb00000,0x00000000ef900000,0x00000000ef900000)
  from space 6144K, 97% used [0x00000000ef900000,0x00000000efede810,0x00000000eff00000)
  to   space 6656K, 0% used [0x00000000f2500000,0x00000000f2500000,0x00000000f2b80000)
 ParOldGen       total 42496K, used 13405K [0x00000000c3000000, 0x00000000c5980000, 0x00000000ebb00000)
  object space 42496K, 31% used [0x00000000c3000000,0x00000000c3d17720,0x00000000c5980000)
 Metaspace       used 15202K, capacity 15382K, committed 15616K, reserved 1062912K
  class space    used 1924K, capacity 1993K, committed 2048K, reserved 1048576K
Event: 12,649 GC heap after
Heap after GC invocations=10 (full 0):
 PSYoungGen      total 108032K, used 6080K [0x00000000ebb00000, 0x00000000f2c80000, 0x0000000100000000)
  eden space 101376K, 0% used [0x00000000ebb00000,0x00000000ebb00000,0x00000000f1e00000)
  from space 6656K, 91% used [0x00000000f2500000,0x00000000f2af0000,0x00000000f2b80000)
  to   space 7168K, 0% used [0x00000000f1e00000,0x00000000f1e00000,0x00000000f2500000)
 ParOldGen       total 42496K, used 13565K [0x00000000c3000000, 0x00000000c5980000, 0x00000000ebb00000)
  object space 42496K, 31% used [0x00000000c3000000,0x00000000c3d3f720,0x00000000c5980000)
 Metaspace       used 15202K, capacity 15382K, committed 15616K, reserved 1062912K
  class space    used 1924K, capacity 1993K, committed 2048K, reserved 1048576K
}
Event: 26,566 GC heap before
{Heap before GC invocations=11 (full 0):
 PSYoungGen      total 108032K, used 107456K [0x00000000ebb00000, 0x00000000f2c80000, 0x0000000100000000)
  eden space 101376K, 100% used [0x00000000ebb00000,0x00000000f1e00000,0x00000000f1e00000)
  from space 6656K, 91% used [0x00000000f2500000,0x00000000f2af0000,0x00000000f2b80000)
  to   space 7168K, 0% used [0x00000000f1e00000,0x00000000f1e00000,0x00000000f2500000)
 ParOldGen       total 42496K, used 13565K [0x00000000c3000000, 0x00000000c5980000, 0x00000000ebb00000)
  object space 42496K, 31% used [0x00000000c3000000,0x00000000c3d3f720,0x00000000c5980000)
 Metaspace       used 15727K, capacity 16002K, committed 16256K, reserved 1062912K
  class space    used 1986K, capacity 2091K, committed 2176K, reserved 1048576K

