# JRE version: Java(TM) SE Runtime Environment (8.0_66-b17) (build 1.8.0_66-b17)
# Java VM: Java HotSpot(TM) 64-Bit Server VM (25.66-b17 mixed mode linux-amd64 compressed oops)
Heap:
 PSYoungGen      total 108544K, used 7168K [0x00000000ebb00000, 0x00000000f2c80000, 0x0000000100000000)
  eden space 101376K, 0% used [0x00000000ebb00000,0x00000000ebb00000,0x00000000f1e00000)
  from space 7168K, 100% used [0x00000000f1e00000,0x00000000f2500000,0x00000000f2500000)
  to   space 6656K, 0% used [0x00000000f2500000,0x00000000f2500000,0x00000000f2b80000)
 ParOldGen       total 42496K, used 17070K [0x00000000c3000000, 0x00000000c5980000, 0x00000000ebb00000)
  object space 42496K, 40% used [0x00000000c3000000,0x00000000c40ab970,0x00000000c5980000)
 Metaspace       used 16046K, capacity 16286K, committed 16512K, reserved 1062912K
  class space    used 2033K, capacity 2143K, committed 2176K, reserved 1048576K
GC Heap History (10 events):
Event: 11,099 GC heap after
Heap after GC invocations=6 (full 0):
 PSYoungGen      total 37888K, used 4401K [0x00000000ebb00000, 0x00000000ee600000, 0x0000000100000000)
  eden space 31744K, 0% used [0x00000000ebb00000,0x00000000ebb00000,0x00000000eda00000)
  from space 6144K, 71% used [0x00000000ee000000,0x00000000ee44c7c0,0x00000000ee600000)
  to   space 6144K, 0% used [0x00000000eda00000,0x00000000eda00000,0x00000000ee000000)
 ParOldGen       total 42496K, used 11126K [0x00000000c3000000, 0x00000000c5980000, 0x00000000ebb00000)
  object space 42496K, 26% used [0x00000000c3000000,0x00000000c3add958,0x00000000c5980000)
 Metaspace       used 15047K, capacity 15244K, committed 15360K, reserved 1062912K
  class space    used 1935K, capacity 2012K, committed 2048K, reserved 1048576K
}
Event: 11,450 GC heap before
{Heap before GC invocations=7 (full 0):
 PSYoungGen      total 37888K, used 36145K [0x00000000ebb00000, 0x00000000ee600000, 0x0000000100000000)
  eden space 31744K, 100% used [0x00000000ebb00000,0x00000000eda00000,0x00000000eda00000)
  from space 6144K, 71% used [0x00000000ee000000,0x00000000ee44c7c0,0x00000000ee600000)
  to   space 6144K, 0% used [0x00000000eda00000,0x00000000eda00000,0x00000000ee000000)
 ParOldGen       total 42496K, used 11126K [0x00000000c3000000, 0x00000000c5980000, 0x00000000ebb00000)
  object space 42496K, 26% used [0x00000000c3000000,0x00000000c3add958,0x00000000c5980000)
 Metaspace       used 15240K, capacity 15468K, committed 15616K, reserved 1062912K
  class space    used 1963K, capacity 2044K, committed 2048K, reserved 1048576K
Event: 11,464 GC heap after
Heap after GC invocations=7 (full 0):
 PSYoungGen      total 37888K, used 4293K [0x00000000ebb00000, 0x00000000f0500000, 0x0000000100000000)
  eden space 31744K, 0% used [0x00000000ebb00000,0x00000000ebb00000,0x00000000eda00000)
  from space 6144K, 69% used [0x00000000eda00000,0x00000000ede31730,0x00000000ee000000)
  to   space 6144K, 0% used [0x00000000eff00000,0x00000000eff00000,0x00000000f0500000)
 ParOldGen       total 42496K, used 12665K [0x00000000c3000000, 0x00000000c5980000, 0x00000000ebb00000)
  object space 42496K, 29% used [0x00000000c3000000,0x00000000c3c5e728,0x00000000c5980000)
 Metaspace       used 15240K, capacity 15468K, committed 15616K, reserved 1062912K
  class space    used 1963K, capacity 2044K, committed 2048K, reserved 1048576K
}
Event: 11,662 GC heap before
{Heap before GC invocations=8 (full 0):
 PSYoungGen      total 37888K, used 36037K [0x00000000ebb00000, 0x00000000f0500000, 0x0000000100000000)
  eden space 31744K, 100% used [0x00000000ebb00000,0x00000000eda00000,0x00000000eda00000)
  from space 6144K, 69% used [0x00000000eda00000,0x00000000ede31730,0x00000000ee000000)
  to   space 6144K, 0% used [0x00000000eff00000,0x00000000eff00000,0x00000000f0500000)
 ParOldGen       total 42496K, used 12665K [0x00000000c3000000, 0x00000000c5980000, 0x00000000ebb00000)
  object space 42496K, 29% used [0x00000000c3000000,0x00000000c3c5e728,0x00000000c5980000)
 Metaspace       used 15319K, capacity 15596K, committed 15872K, reserved 1062912K
  class space    used 1968K, capacity 2044K, committed 2048K, reserved 1048576K
Event: 11,676 GC heap after
Heap after GC invocations=8 (full 0):
 PSYoungGen      total 69632K, used 3392K [0x00000000ebb00000, 0x00000000f0500000, 0x0000000100000000)
  eden space 63488K, 0% used [0x00000000ebb00000,0x00000000ebb00000,0x00000000ef900000)
  from space 6144K, 55% used [0x00000000eff00000,0x00000000f0250000,0x00000000f0500000)
  to   space 6144K, 0% used [0x00000000ef900000,0x00000000ef900000,0x00000000eff00000)
 ParOldGen       total 42496K, used 13526K [0x00000000c3000000, 0x00000000c5980000, 0x00000000ebb00000)
  object space 42496K, 31% used [0x00000000c3000000,0x00000000c3d35970,0x00000000c5980000)
 Metaspace       used 15319K, capacity 15596K, committed 15872K, reserved 1062912K
  class space    used 1968K, capacity 2044K, committed 2048K, reserved 1048576K
}
Event: 12,112 GC heap before
{Heap before GC invocations=9 (full 0):
 PSYoungGen      total 69632K, used 66880K [0x00000000ebb00000, 0x00000000f0500000, 0x0000000100000000)
  eden space 63488K, 100% used [0x00000000ebb00000,0x00000000ef900000,0x00000000ef900000)
  from space 6144K, 55% used [0x00000000eff00000,0x00000000f0250000,0x00000000f0500000)
  to   space 6144K, 0% used [0x00000000ef900000,0x00000000ef900000,0x00000000eff00000)
 ParOldGen       total 42496K, used 13526K [0x00000000c3000000, 0x00000000c5980000, 0x00000000ebb00000)
  object space 42496K, 31% used [0x00000000c3000000,0x00000000c3d35970,0x00000000c5980000)
 Metaspace       used 15460K, capacity 15724K, committed 15872K, reserved 1062912K
  class space    used 1970K, capacity 2044K, committed 2048K, reserved 1048576K
Event: 12,124 GC heap after
Heap after GC invocations=9 (full 0):
 PSYoungGen      total 69632K, used 6016K [0x00000000ebb00000, 0x00000000f2b80000, 0x0000000100000000)
  eden space 63488K, 0% used [0x00000000ebb00000,0x00000000ebb00000,0x00000000ef900000)
  from space 6144K, 97% used [0x00000000ef900000,0x00000000efee0000,0x00000000eff00000)
  to   space 6656K, 0% used [0x00000000f2500000,0x00000000f2500000,0x00000000f2b80000)
 ParOldGen       total 42496K, used 13846K [0x00000000c3000000, 0x00000000c5980000, 0x00000000ebb00000)
  object space 42496K, 32% used [0x00000000c3000000,0x00000000c3d85970,0x00000000c5980000)
 Metaspace       used 15460K, capacity 15724K, committed 15872K, reserved 1062912K
  class space    used 1970K, capacity 2044K, committed 2048K, reserved 1048576K
}
Event: 12,449 GC heap before
{Heap before GC invocations=10 (full 0):
 PSYoungGen      total 69632K, used 69504K [0x00000000ebb00000, 0x00000000f2b80000, 0x0000000100000000)
  eden space 63488K, 100% used [0x00000000ebb00000,0x00000000ef900000,0x00000000ef900000)
  from space 6144K, 97% used [0x00000000ef900000,0x00000000efee0000,0x00000000eff00000)
  to   space 6656K, 0% used [0x00000000f2500000,0x00000000f2500000,0x00000000f2b80000)
 ParOldGen       total 42496K, used 13846K [0x00000000c3000000, 0x00000000c5980000, 0x00000000ebb00000)
  object space 42496K, 32% used [0x00000000c3000000,0x00000000c3d85970,0x00000000c5980000)
 Metaspace       used 15519K, capacity 15730K, committed 15872K, reserved 1062912K
  class space    used 1971K, capacity 2045K, committed 2048K, reserved 1048576K
Event: 12,458 GC heap after
Heap after GC invocations=10 (full 0):
 PSYoungGen      total 108032K, used 5888K [0x00000000ebb00000, 0x00000000f2c80000, 0x0000000100000000)
  eden space 101376K, 0% used [0x00000000ebb00000,0x00000000ebb00000,0x00000000f1e00000)
  from space 6656K, 88% used [0x00000000f2500000,0x00000000f2ac0000,0x00000000f2b80000)
  to   space 7168K, 0% used [0x00000000f1e00000,0x00000000f1e00000,0x00000000f2500000)
 ParOldGen       total 42496K, used 14006K [0x00000000c3000000, 0x00000000c5980000, 0x00000000ebb00000)
  object space 42496K, 32% used [0x00000000c3000000,0x00000000c3dad970,0x00000000c5980000)
 Metaspace       used 15519K, capacity 15730K, committed 15872K, reserved 1062912K
  class space    used 1971K, capacity 2045K, committed 2048K, reserved 1048576K
}
Event: 16,344 GC heap before
{Heap before GC invocations=11 (full 0):
 PSYoungGen      total 108032K, used 107264K [0x00000000ebb00000, 0x00000000f2c80000, 0x0000000100000000)
  eden space 101376K, 100% used [0x00000000ebb00000,0x00000000f1e00000,0x00000000f1e00000)
  from space 6656K, 88% used [0x00000000f2500000,0x00000000f2ac0000,0x00000000f2b80000)
  to   space 7168K, 0% used [0x00000000f1e00000,0x00000000f1e00000,0x00000000f2500000)
 ParOldGen       total 42496K, used 14006K [0x00000000c3000000, 0x00000000c5980000, 0x00000000ebb00000)
  object space 42496K, 32% used [0x00000000c3000000,0x00000000c3dad970,0x00000000c5980000)
 Metaspace       used 16046K, capacity 16286K, committed 16512K, reserved 1062912K
  class space    used 2033K, capacity 2143K, committed 2176K, reserved 1048576K

