# JRE version: Java(TM) SE Runtime Environment (8.0_66-b17) (build 1.8.0_66-b17)
# Java VM: Java HotSpot(TM) 64-Bit Server VM (25.66-b17 mixed mode linux-amd64 compressed oops)
Heap:
 PSYoungGen      total 172032K, used 10216K [0x00000000ebb00000, 0x00000000f6e80000, 0x0000000100000000)
  eden space 161792K, 0% used [0x00000000ebb00000,0x00000000ebb00000,0x00000000f5900000)
  from space 10240K, 99% used [0x00000000f5900000,0x00000000f62fa030,0x00000000f6300000)
  to   space 8704K, 0% used [0x00000000f6300000,0x00000000f6300000,0x00000000f6b80000)
 ParOldGen       total 42496K, used 24353K [0x00000000c3000000, 0x00000000c5980000, 0x00000000ebb00000)
  object space 42496K, 57% used [0x00000000c3000000,0x00000000c47c87f0,0x00000000c5980000)
 Metaspace       used 19262K, capacity 19556K, committed 19840K, reserved 1067008K
  class space    used 2496K, capacity 2588K, committed 2688K, reserved 1048576K
GC Heap History (10 events):
Event: 7,926 GC heap after
Heap after GC invocations=8 (full 0):
 PSYoungGen      total 69632K, used 3520K [0x00000000ebb00000, 0x00000000f0500000, 0x0000000100000000)
  eden space 63488K, 0% used [0x00000000ebb00000,0x00000000ebb00000,0x00000000ef900000)
  from space 6144K, 57% used [0x00000000eff00000,0x00000000f0270000,0x00000000f0500000)
  to   space 6144K, 0% used [0x00000000ef900000,0x00000000ef900000,0x00000000eff00000)
 ParOldGen       total 42496K, used 12998K [0x00000000c3000000, 0x00000000c5980000, 0x00000000ebb00000)
  object space 42496K, 30% used [0x00000000c3000000,0x00000000c3cb1a90,0x00000000c5980000)
 Metaspace       used 14994K, capacity 15184K, committed 15360K, reserved 1062912K
  class space    used 1921K, capacity 1992K, committed 2048K, reserved 1048576K
}
Event: 8,278 GC heap before
{Heap before GC invocations=9 (full 0):
 PSYoungGen      total 69632K, used 67008K [0x00000000ebb00000, 0x00000000f0500000, 0x0000000100000000)
  eden space 63488K, 100% used [0x00000000ebb00000,0x00000000ef900000,0x00000000ef900000)
  from space 6144K, 57% used [0x00000000eff00000,0x00000000f0270000,0x00000000f0500000)
  to   space 6144K, 0% used [0x00000000ef900000,0x00000000ef900000,0x00000000eff00000)
 ParOldGen       total 42496K, used 12998K [0x00000000c3000000, 0x00000000c5980000, 0x00000000ebb00000)
  object space 42496K, 30% used [0x00000000c3000000,0x00000000c3cb1a90,0x00000000c5980000)
 Metaspace       used 15144K, capacity 15376K, committed 15616K, reserved 1062912K
  class space    used 1923K, capacity 1992K, committed 2048K, reserved 1048576K
Event: 8,287 GC heap after
Heap after GC invocations=9 (full 0):
 PSYoungGen      total 69632K, used 5882K [0x00000000ebb00000, 0x00000000f2b80000, 0x0000000100000000)
  eden space 63488K, 0% used [0x00000000ebb00000,0x00000000ebb00000,0x00000000ef900000)
  from space 6144K, 95% used [0x00000000ef900000,0x00000000efebe810,0x00000000eff00000)
  to   space 6656K, 0% used [0x00000000f2500000,0x00000000f2500000,0x00000000f2b80000)
 ParOldGen       total 42496K, used 13302K [0x00000000c3000000, 0x00000000c5980000, 0x00000000ebb00000)
  object space 42496K, 31% used [0x00000000c3000000,0x00000000c3cfda90,0x00000000c5980000)
 Metaspace       used 15144K, capacity 15376K, committed 15616K, reserved 1062912K
  class space    used 1923K, capacity 1992K, committed 2048K, reserved 1048576K
}
Event: 8,604 GC heap before
{Heap before GC invocations=10 (full 0):
 PSYoungGen      total 69632K, used 69370K [0x00000000ebb00000, 0x00000000f2b80000, 0x0000000100000000)
  eden space 63488K, 100% used [0x00000000ebb00000,0x00000000ef900000,0x00000000ef900000)
  from space 6144K, 95% used [0x00000000ef900000,0x00000000efebe810,0x00000000eff00000)
  to   space 6656K, 0% used [0x00000000f2500000,0x00000000f2500000,0x00000000f2b80000)
 ParOldGen       total 42496K, used 13302K [0x00000000c3000000, 0x00000000c5980000, 0x00000000ebb00000)
  object space 42496K, 31% used [0x00000000c3000000,0x00000000c3cfda90,0x00000000c5980000)
 Metaspace       used 15202K, capacity 15382K, committed 15616K, reserved 1062912K
  class space    used 1923K, capacity 1993K, committed 2048K, reserved 1048576K
Event: 8,611 GC heap after
Heap after GC invocations=10 (full 0):
 PSYoungGen      total 108544K, used 5792K [0x00000000ebb00000, 0x00000000f2b80000, 0x0000000100000000)
  eden space 101888K, 0% used [0x00000000ebb00000,0x00000000ebb00000,0x00000000f1e80000)
  from space 6656K, 87% used [0x00000000f2500000,0x00000000f2aa8000,0x00000000f2b80000)
  to   space 6656K, 0% used [0x00000000f1e80000,0x00000000f1e80000,0x00000000f2500000)
 ParOldGen       total 42496K, used 13462K [0x00000000c3000000, 0x00000000c5980000, 0x00000000ebb00000)
  object space 42496K, 31% used [0x00000000c3000000,0x00000000c3d25a90,0x00000000c5980000)
 Metaspace       used 15202K, capacity 15382K, committed 15616K, reserved 1062912K
  class space    used 1923K, capacity 1993K, committed 2048K, reserved 1048576K
}
Event: 9,530 GC heap before
{Heap before GC invocations=11 (full 0):
 PSYoungGen      total 108544K, used 107680K [0x00000000ebb00000, 0x00000000f2b80000, 0x0000000100000000)
  eden space 101888K, 100% used [0x00000000ebb00000,0x00000000f1e80000,0x00000000f1e80000)
  from space 6656K, 87% used [0x00000000f2500000,0x00000000f2aa8000,0x00000000f2b80000)
  to   space 6656K, 0% used [0x00000000f1e80000,0x00000000f1e80000,0x00000000f2500000)
 ParOldGen       total 42496K, used 13462K [0x00000000c3000000, 0x00000000c5980000, 0x00000000ebb00000)
  object space 42496K, 31% used [0x00000000c3000000,0x00000000c3d25a90,0x00000000c5980000)
 Metaspace       used 15736K, capacity 16002K, committed 16256K, reserved 1062912K
  class space    used 1986K, capacity 2091K, committed 2176K, reserved 1048576K
Event: 9,546 GC heap after
Heap after GC invocations=11 (full 0):
 PSYoungGen      total 108544K, used 6640K [0x00000000ebb00000, 0x00000000f6b80000, 0x0000000100000000)
  eden space 101888K, 0% used [0x00000000ebb00000,0x00000000ebb00000,0x00000000f1e80000)
  from space 6656K, 99% used [0x00000000f1e80000,0x00000000f24fc090,0x00000000f2500000)
  to   space 8704K, 0% used [0x00000000f6300000,0x00000000f6300000,0x00000000f6b80000)
 ParOldGen       total 42496K, used 17161K [0x00000000c3000000, 0x00000000c5980000, 0x00000000ebb00000)
  object space 42496K, 40% used [0x00000000c3000000,0x00000000c40c27f0,0x00000000c5980000)
 Metaspace       used 15736K, capacity 16002K, committed 16256K, reserved 1062912K
  class space    used 1986K, capacity 2091K, committed 2176K, reserved 1048576K
}
Event: 9,895 GC heap before
{Heap before GC invocations=12 (full 0):
 PSYoungGen      total 108544K, used 108528K [0x00000000ebb00000, 0x00000000f6b80000, 0x0000000100000000)
  eden space 101888K, 100% used [0x00000000ebb00000,0x00000000f1e80000,0x00000000f1e80000)
  from space 6656K, 99% used [0x00000000f1e80000,0x00000000f24fc090,0x00000000f2500000)
  to   space 8704K, 0% used [0x00000000f6300000,0x00000000f6300000,0x00000000f6b80000)
 ParOldGen       total 42496K, used 17161K [0x00000000c3000000, 0x00000000c5980000, 0x00000000ebb00000)
  object space 42496K, 40% used [0x00000000c3000000,0x00000000c40c27f0,0x00000000c5980000)
 Metaspace       used 15816K, capacity 16130K, committed 16256K, reserved 1062912K
  class space    used 1988K, capacity 2091K, committed 2176K, reserved 1048576K
Event: 9,907 GC heap after
Heap after GC invocations=12 (full 0):
 PSYoungGen      total 170496K, used 8704K [0x00000000ebb00000, 0x00000000f6e80000, 0x0000000100000000)
  eden space 161792K, 0% used [0x00000000ebb00000,0x00000000ebb00000,0x00000000f5900000)
  from space 8704K, 100% used [0x00000000f6300000,0x00000000f6b80000,0x00000000f6b80000)
  to   space 10240K, 0% used [0x00000000f5900000,0x00000000f5900000,0x00000000f6300000)
 ParOldGen       total 42496K, used 18249K [0x00000000c3000000, 0x00000000c5980000, 0x00000000ebb00000)
  object space 42496K, 42% used [0x00000000c3000000,0x00000000c41d27f0,0x00000000c5980000)
 Metaspace       used 15816K, capacity 16130K, committed 16256K, reserved 1062912K
  class space    used 1988K, capacity 2091K, committed 2176K, reserved 1048576K
}
Event: 26,210 GC heap before
{Heap before GC invocations=13 (full 0):
 PSYoungGen      total 170496K, used 170496K [0x00000000ebb00000, 0x00000000f6e80000, 0x0000000100000000)
  eden space 161792K, 100% used [0x00000000ebb00000,0x00000000f5900000,0x00000000f5900000)
  from space 8704K, 100% used [0x00000000f6300000,0x00000000f6b80000,0x00000000f6b80000)
  to   space 10240K, 0% used [0x00000000f5900000,0x00000000f5900000,0x00000000f6300000)
 ParOldGen       total 42496K, used 18249K [0x00000000c3000000, 0x00000000c5980000, 0x00000000ebb00000)
  object space 42496K, 42% used [0x00000000c3000000,0x00000000c41d27f0,0x00000000c5980000)
 Metaspace       used 19262K, capacity 19556K, committed 19840K, reserved 1067008K
  class space    used 2496K, capacity 2588K, committed 2688K, reserved 1048576K

