# JRE version: Java(TM) SE Runtime Environment (8.0_66-b17) (build 1.8.0_66-b17)
# Java VM: Java HotSpot(TM) 64-Bit Server VM (25.66-b17 mixed mode linux-amd64 compressed oops)
Heap:
 PSYoungGen      total 135168K, used 8176K [0x00000000ebb00000, 0x00000000f4700000, 0x0000000100000000)
  eden space 126976K, 0% used [0x00000000ebb00000,0x00000000ebb00000,0x00000000f3700000)
  from space 8192K, 99% used [0x00000000f3700000,0x00000000f3efc090,0x00000000f3f00000)
  to   space 8192K, 0% used [0x00000000f3f00000,0x00000000f3f00000,0x00000000f4700000)
 ParOldGen       total 42496K, used 19234K [0x00000000c3000000, 0x00000000c5980000, 0x00000000ebb00000)
  object space 42496K, 45% used [0x00000000c3000000,0x00000000c42c8bf8,0x00000000c5980000)
 Metaspace       used 15708K, capacity 15938K, committed 16256K, reserved 1062912K
  class space    used 1986K, capacity 2091K, committed 2176K, reserved 1048576K
GC Heap History (10 events):
Event: 2,153 GC heap after
Heap after GC invocations=4 (full 0):
 PSYoungGen      total 34304K, used 2544K [0x00000000ebb00000, 0x00000000edf00000, 0x0000000100000000)
  eden space 31744K, 0% used [0x00000000ebb00000,0x00000000ebb00000,0x00000000eda00000)
  from space 2560K, 99% used [0x00000000edc80000,0x00000000edefc030,0x00000000edf00000)
  to   space 2560K, 0% used [0x00000000eda00000,0x00000000eda00000,0x00000000edc80000)
 ParOldGen       total 42496K, used 8894K [0x00000000c3000000, 0x00000000c5980000, 0x00000000ebb00000)
  object space 42496K, 20% used [0x00000000c3000000,0x00000000c38afb18,0x00000000c5980000)
 Metaspace       used 14395K, capacity 14608K, committed 14848K, reserved 1062912K
  class space    used 1864K, capacity 1944K, committed 2048K, reserved 1048576K
}
Event: 2,567 GC heap before
{Heap before GC invocations=5 (full 0):
 PSYoungGen      total 34304K, used 34288K [0x00000000ebb00000, 0x00000000edf00000, 0x0000000100000000)
  eden space 31744K, 100% used [0x00000000ebb00000,0x00000000eda00000,0x00000000eda00000)
  from space 2560K, 99% used [0x00000000edc80000,0x00000000edefc030,0x00000000edf00000)
  to   space 2560K, 0% used [0x00000000eda00000,0x00000000eda00000,0x00000000edc80000)
 ParOldGen       total 42496K, used 8894K [0x00000000c3000000, 0x00000000c5980000, 0x00000000ebb00000)
  object space 42496K, 20% used [0x00000000c3000000,0x00000000c38afb18,0x00000000c5980000)
 Metaspace       used 14793K, capacity 14992K, committed 15104K, reserved 1062912K
  class space    used 1910K, capacity 1992K, committed 2048K, reserved 1048576K
Event: 2,578 GC heap after
Heap after GC invocations=5 (full 0):
 PSYoungGen      total 34304K, used 2528K [0x00000000ebb00000, 0x00000000f0700000, 0x0000000100000000)
  eden space 31744K, 0% used [0x00000000ebb00000,0x00000000ebb00000,0x00000000eda00000)
  from space 2560K, 98% used [0x00000000eda00000,0x00000000edc78020,0x00000000edc80000)
  to   space 7168K, 0% used [0x00000000f0000000,0x00000000f0000000,0x00000000f0700000)
 ParOldGen       total 42496K, used 12189K [0x00000000c3000000, 0x00000000c5980000, 0x00000000ebb00000)
  object space 42496K, 28% used [0x00000000c3000000,0x00000000c3be75a8,0x00000000c5980000)
 Metaspace       used 14793K, capacity 14992K, committed 15104K, reserved 1062912K
  class space    used 1910K, capacity 1992K, committed 2048K, reserved 1048576K
}
Event: 2,838 GC heap before
{Heap before GC invocations=6 (full 0):
 PSYoungGen      total 34304K, used 34272K [0x00000000ebb00000, 0x00000000f0700000, 0x0000000100000000)
  eden space 31744K, 100% used [0x00000000ebb00000,0x00000000eda00000,0x00000000eda00000)
  from space 2560K, 98% used [0x00000000eda00000,0x00000000edc78020,0x00000000edc80000)
  to   space 7168K, 0% used [0x00000000f0000000,0x00000000f0000000,0x00000000f0700000)
 ParOldGen       total 42496K, used 12189K [0x00000000c3000000, 0x00000000c5980000, 0x00000000ebb00000)
  object space 42496K, 28% used [0x00000000c3000000,0x00000000c3be75a8,0x00000000c5980000)
 Metaspace       used 14945K, capacity 15120K, committed 15360K, reserved 1062912K
  class space    used 1920K, capacity 1992K, committed 2048K, reserved 1048576K
Event: 2,854 GC heap after
Heap after GC invocations=6 (full 0):
 PSYoungGen      total 69632K, used 5392K [0x00000000ebb00000, 0x00000000f0600000, 0x0000000100000000)
  eden space 63488K, 0% used [0x00000000ebb00000,0x00000000ebb00000,0x00000000ef900000)
  from space 6144K, 87% used [0x00000000f0000000,0x00000000f0544030,0x00000000f0600000)
  to   space 6656K, 0% used [0x00000000ef900000,0x00000000ef900000,0x00000000eff80000)
 ParOldGen       total 42496K, used 12197K [0x00000000c3000000, 0x00000000c5980000, 0x00000000ebb00000)
  object space 42496K, 28% used [0x00000000c3000000,0x00000000c3be95a8,0x00000000c5980000)
 Metaspace       used 14945K, capacity 15120K, committed 15360K, reserved 1062912K
  class space    used 1920K, capacity 1992K, committed 2048K, reserved 1048576K
}
Event: 3,410 GC heap before
{Heap before GC invocations=7 (full 0):
 PSYoungGen      total 69632K, used 68880K [0x00000000ebb00000, 0x00000000f0600000, 0x0000000100000000)
  eden space 63488K, 100% used [0x00000000ebb00000,0x00000000ef900000,0x00000000ef900000)
  from space 6144K, 87% used [0x00000000f0000000,0x00000000f0544030,0x00000000f0600000)
  to   space 6656K, 0% used [0x00000000ef900000,0x00000000ef900000,0x00000000eff80000)
 ParOldGen       total 42496K, used 12197K [0x00000000c3000000, 0x00000000c5980000, 0x00000000ebb00000)
  object space 42496K, 28% used [0x00000000c3000000,0x00000000c3be95a8,0x00000000c5980000)
 Metaspace       used 15098K, capacity 15312K, committed 15616K, reserved 1062912K
  class space    used 1921K, capacity 1992K, committed 2048K, reserved 1048576K
Event: 3,427 GC heap after
Heap after GC invocations=7 (full 0):
 PSYoungGen      total 70144K, used 6634K [0x00000000ebb00000, 0x00000000f4700000, 0x0000000100000000)
  eden space 63488K, 0% used [0x00000000ebb00000,0x00000000ebb00000,0x00000000ef900000)
  from space 6656K, 99% used [0x00000000ef900000,0x00000000eff7a820,0x00000000eff80000)
  to   space 8192K, 0% used [0x00000000f3f00000,0x00000000f3f00000,0x00000000f4700000)
 ParOldGen       total 42496K, used 13793K [0x00000000c3000000, 0x00000000c5980000, 0x00000000ebb00000)
  object space 42496K, 32% used [0x00000000c3000000,0x00000000c3d78768,0x00000000c5980000)
 Metaspace       used 15098K, capacity 15312K, committed 15616K, reserved 1062912K
  class space    used 1921K, capacity 1992K, committed 2048K, reserved 1048576K
}
Event: 3,775 GC heap before
{Heap before GC invocations=8 (full 0):
 PSYoungGen      total 70144K, used 70122K [0x00000000ebb00000, 0x00000000f4700000, 0x0000000100000000)
  eden space 63488K, 100% used [0x00000000ebb00000,0x00000000ef900000,0x00000000ef900000)
  from space 6656K, 99% used [0x00000000ef900000,0x00000000eff7a820,0x00000000eff80000)
  to   space 8192K, 0% used [0x00000000f3f00000,0x00000000f3f00000,0x00000000f4700000)
 ParOldGen       total 42496K, used 13793K [0x00000000c3000000, 0x00000000c5980000, 0x00000000ebb00000)
  object space 42496K, 32% used [0x00000000c3000000,0x00000000c3d78768,0x00000000c5980000)
 Metaspace       used 15160K, capacity 15382K, committed 15616K, reserved 1062912K
  class space    used 1923K, capacity 1993K, committed 2048K, reserved 1048576K
Event: 3,822 GC heap after
Heap after GC invocations=8 (full 0):
 PSYoungGen      total 135168K, used 6176K [0x00000000ebb00000, 0x00000000f4700000, 0x0000000100000000)
  eden space 126976K, 0% used [0x00000000ebb00000,0x00000000ebb00000,0x00000000f3700000)
  from space 8192K, 75% used [0x00000000f3f00000,0x00000000f4508000,0x00000000f4700000)
  to   space 8192K, 0% used [0x00000000f3700000,0x00000000f3700000,0x00000000f3f00000)
 ParOldGen       total 42496K, used 14597K [0x00000000c3000000, 0x00000000c5980000, 0x00000000ebb00000)
  object space 42496K, 34% used [0x00000000c3000000,0x00000000c3e417a8,0x00000000c5980000)
 Metaspace       used 15160K, capacity 15382K, committed 15616K, reserved 1062912K
  class space    used 1923K, capacity 1993K, committed 2048K, reserved 1048576K
}
Event: 8,227 GC heap before
{Heap before GC invocations=9 (full 0):
 PSYoungGen      total 135168K, used 133152K [0x00000000ebb00000, 0x00000000f4700000, 0x0000000100000000)
  eden space 126976K, 100% used [0x00000000ebb00000,0x00000000f3700000,0x00000000f3700000)
  from space 8192K, 75% used [0x00000000f3f00000,0x00000000f4508000,0x00000000f4700000)
  to   space 8192K, 0% used [0x00000000f3700000,0x00000000f3700000,0x00000000f3f00000)
 ParOldGen       total 42496K, used 14597K [0x00000000c3000000, 0x00000000c5980000, 0x00000000ebb00000)
  object space 42496K, 34% used [0x00000000c3000000,0x00000000c3e417a8,0x00000000c5980000)
 Metaspace       used 15708K, capacity 15938K, committed 16256K, reserved 1062912K
  class space    used 1986K, capacity 2091K, committed 2176K, reserved 1048576K

