# JRE version: Java(TM) SE Runtime Environment (8.0_66-b17) (build 1.8.0_66-b17)
# Java VM: Java HotSpot(TM) 64-Bit Server VM (25.66-b17 mixed mode linux-amd64 compressed oops)
Heap:
 PSYoungGen      total 133632K, used 7680K [0x00000000ebb00000, 0x00000000f4500000, 0x0000000100000000)
  eden space 125952K, 0% used [0x00000000ebb00000,0x00000000ebb00000,0x00000000f3600000)
  from space 7680K, 100% used [0x00000000f3600000,0x00000000f3d80000,0x00000000f3d80000)
  to   space 7680K, 0% used [0x00000000f3d80000,0x00000000f3d80000,0x00000000f4500000)
 ParOldGen       total 42496K, used 18747K [0x00000000c3000000, 0x00000000c5980000, 0x00000000ebb00000)
  object space 42496K, 44% used [0x00000000c3000000,0x00000000c424ee90,0x00000000c5980000)
 Metaspace       used 15576K, capacity 15810K, committed 15872K, reserved 1062912K
  class space    used 1955K, capacity 2027K, committed 2048K, reserved 1048576K
GC Heap History (10 events):
Event: 4,665 GC heap after
Heap after GC invocations=4 (full 0):
 PSYoungGen      total 34304K, used 2544K [0x00000000ebb00000, 0x00000000edf00000, 0x0000000100000000)
  eden space 31744K, 0% used [0x00000000ebb00000,0x00000000ebb00000,0x00000000eda00000)
  from space 2560K, 99% used [0x00000000edc80000,0x00000000edefc010,0x00000000edf00000)
  to   space 2560K, 0% used [0x00000000eda00000,0x00000000eda00000,0x00000000edc80000)
 ParOldGen       total 42496K, used 8857K [0x00000000c3000000, 0x00000000c5980000, 0x00000000ebb00000)
  object space 42496K, 20% used [0x00000000c3000000,0x00000000c38a6440,0x00000000c5980000)
 Metaspace       used 14429K, capacity 14608K, committed 14848K, reserved 1062912K
  class space    used 1864K, capacity 1944K, committed 2048K, reserved 1048576K
}
Event: 5,487 GC heap before
{Heap before GC invocations=5 (full 0):
 PSYoungGen      total 34304K, used 34288K [0x00000000ebb00000, 0x00000000edf00000, 0x0000000100000000)
  eden space 31744K, 100% used [0x00000000ebb00000,0x00000000eda00000,0x00000000eda00000)
  from space 2560K, 99% used [0x00000000edc80000,0x00000000edefc010,0x00000000edf00000)
  to   space 2560K, 0% used [0x00000000eda00000,0x00000000eda00000,0x00000000edc80000)
 ParOldGen       total 42496K, used 8857K [0x00000000c3000000, 0x00000000c5980000, 0x00000000ebb00000)
  object space 42496K, 20% used [0x00000000c3000000,0x00000000c38a6440,0x00000000c5980000)
 Metaspace       used 14754K, capacity 15024K, committed 15360K, reserved 1062912K
  class space    used 1888K, capacity 1960K, committed 2048K, reserved 1048576K
Event: 5,508 GC heap after
Heap after GC invocations=5 (full 0):
 PSYoungGen      total 34304K, used 2544K [0x00000000ebb00000, 0x00000000f0600000, 0x0000000100000000)
  eden space 31744K, 0% used [0x00000000ebb00000,0x00000000ebb00000,0x00000000eda00000)
  from space 2560K, 99% used [0x00000000eda00000,0x00000000edc7c010,0x00000000edc80000)
  to   space 6656K, 0% used [0x00000000eff80000,0x00000000eff80000,0x00000000f0600000)
 ParOldGen       total 42496K, used 11809K [0x00000000c3000000, 0x00000000c5980000, 0x00000000ebb00000)
  object space 42496K, 27% used [0x00000000c3000000,0x00000000c3b887a8,0x00000000c5980000)
 Metaspace       used 14754K, capacity 15024K, committed 15360K, reserved 1062912K
  class space    used 1888K, capacity 1960K, committed 2048K, reserved 1048576K
}
Event: 6,169 GC heap before
{Heap before GC invocations=6 (full 0):
 PSYoungGen      total 34304K, used 34288K [0x00000000ebb00000, 0x00000000f0600000, 0x0000000100000000)
  eden space 31744K, 100% used [0x00000000ebb00000,0x00000000eda00000,0x00000000eda00000)
  from space 2560K, 99% used [0x00000000eda00000,0x00000000edc7c010,0x00000000edc80000)
  to   space 6656K, 0% used [0x00000000eff80000,0x00000000eff80000,0x00000000f0600000)
 ParOldGen       total 42496K, used 11809K [0x00000000c3000000, 0x00000000c5980000, 0x00000000ebb00000)
  object space 42496K, 27% used [0x00000000c3000000,0x00000000c3b887a8,0x00000000c5980000)
 Metaspace       used 14949K, capacity 15184K, committed 15360K, reserved 1062912K
  class space    used 1916K, capacity 1992K, committed 2048K, reserved 1048576K
Event: 6,192 GC heap after
Heap after GC invocations=6 (full 0):
 PSYoungGen      total 69632K, used 5744K [0x00000000ebb00000, 0x00000000f0700000, 0x0000000100000000)
  eden space 62976K, 0% used [0x00000000ebb00000,0x00000000ebb00000,0x00000000ef880000)
  from space 6656K, 86% used [0x00000000eff80000,0x00000000f051c010,0x00000000f0600000)
  to   space 7168K, 0% used [0x00000000ef880000,0x00000000ef880000,0x00000000eff80000)
 ParOldGen       total 42496K, used 11817K [0x00000000c3000000, 0x00000000c5980000, 0x00000000ebb00000)
  object space 42496K, 27% used [0x00000000c3000000,0x00000000c3b8a7a8,0x00000000c5980000)
 Metaspace       used 14949K, capacity 15184K, committed 15360K, reserved 1062912K
  class space    used 1916K, capacity 1992K, committed 2048K, reserved 1048576K
}
Event: 7,459 GC heap before
{Heap before GC invocations=7 (full 0):
 PSYoungGen      total 69632K, used 68720K [0x00000000ebb00000, 0x00000000f0700000, 0x0000000100000000)
  eden space 62976K, 100% used [0x00000000ebb00000,0x00000000ef880000,0x00000000ef880000)
  from space 6656K, 86% used [0x00000000eff80000,0x00000000f051c010,0x00000000f0600000)
  to   space 7168K, 0% used [0x00000000ef880000,0x00000000ef880000,0x00000000eff80000)
 ParOldGen       total 42496K, used 11817K [0x00000000c3000000, 0x00000000c5980000, 0x00000000ebb00000)
  object space 42496K, 27% used [0x00000000c3000000,0x00000000c3b8a7a8,0x00000000c5980000)
 Metaspace       used 15134K, capacity 15376K, committed 15616K, reserved 1062912K
  class space    used 1923K, capacity 1992K, committed 2048K, reserved 1048576K
Event: 7,494 GC heap after
Heap after GC invocations=7 (full 0):
 PSYoungGen      total 70144K, used 6858K [0x00000000ebb00000, 0x00000000f4500000, 0x0000000100000000)
  eden space 62976K, 0% used [0x00000000ebb00000,0x00000000ebb00000,0x00000000ef880000)
  from space 7168K, 95% used [0x00000000ef880000,0x00000000eff32820,0x00000000eff80000)
  to   space 7680K, 0% used [0x00000000f3d80000,0x00000000f3d80000,0x00000000f4500000)
 ParOldGen       total 42496K, used 13104K [0x00000000c3000000, 0x00000000c5980000, 0x00000000ebb00000)
  object space 42496K, 30% used [0x00000000c3000000,0x00000000c3ccc148,0x00000000c5980000)
 Metaspace       used 15134K, capacity 15376K, committed 15616K, reserved 1062912K
  class space    used 1923K, capacity 1992K, committed 2048K, reserved 1048576K
}
Event: 8,534 GC heap before
{Heap before GC invocations=8 (full 0):
 PSYoungGen      total 70144K, used 69834K [0x00000000ebb00000, 0x00000000f4500000, 0x0000000100000000)
  eden space 62976K, 100% used [0x00000000ebb00000,0x00000000ef880000,0x00000000ef880000)
  from space 7168K, 95% used [0x00000000ef880000,0x00000000eff32820,0x00000000eff80000)
  to   space 7680K, 0% used [0x00000000f3d80000,0x00000000f3d80000,0x00000000f4500000)
 ParOldGen       total 42496K, used 13104K [0x00000000c3000000, 0x00000000c5980000, 0x00000000ebb00000)
  object space 42496K, 30% used [0x00000000c3000000,0x00000000c3ccc148,0x00000000c5980000)
 Metaspace       used 15195K, capacity 15382K, committed 15616K, reserved 1062912K
  class space    used 1923K, capacity 1993K, committed 2048K, reserved 1048576K
Event: 8,550 GC heap after
Heap after GC invocations=8 (full 0):
 PSYoungGen      total 133632K, used 6272K [0x00000000ebb00000, 0x00000000f4500000, 0x0000000100000000)
  eden space 125952K, 0% used [0x00000000ebb00000,0x00000000ebb00000,0x00000000f3600000)
  from space 7680K, 81% used [0x00000000f3d80000,0x00000000f43a0000,0x00000000f4500000)
  to   space 7680K, 0% used [0x00000000f3600000,0x00000000f3600000,0x00000000f3d80000)
 ParOldGen       total 42496K, used 13736K [0x00000000c3000000, 0x00000000c5980000, 0x00000000ebb00000)
  object space 42496K, 32% used [0x00000000c3000000,0x00000000c3d6a3a0,0x00000000c5980000)
 Metaspace       used 15195K, capacity 15382K, committed 15616K, reserved 1062912K
  class space    used 1923K, capacity 1993K, committed 2048K, reserved 1048576K
}
Event: 10,432 GC heap before
{Heap before GC invocations=9 (full 0):
 PSYoungGen      total 133632K, used 132224K [0x00000000ebb00000, 0x00000000f4500000, 0x0000000100000000)
  eden space 125952K, 100% used [0x00000000ebb00000,0x00000000f3600000,0x00000000f3600000)
  from space 7680K, 81% used [0x00000000f3d80000,0x00000000f43a0000,0x00000000f4500000)
  to   space 7680K, 0% used [0x00000000f3600000,0x00000000f3600000,0x00000000f3d80000)
 ParOldGen       total 42496K, used 13736K [0x00000000c3000000, 0x00000000c5980000, 0x00000000ebb00000)
  object space 42496K, 32% used [0x00000000c3000000,0x00000000c3d6a3a0,0x00000000c5980000)
 Metaspace       used 15576K, capacity 15810K, committed 15872K, reserved 1062912K
  class space    used 1955K, capacity 2027K, committed 2048K, reserved 1048576K

