# JRE version: Java(TM) SE Runtime Environment (8.0_66-b17) (build 1.8.0_66-b17)
# Java VM: Java HotSpot(TM) 64-Bit Server VM (25.66-b17 mixed mode linux-amd64 compressed oops)
Heap:
 PSYoungGen      total 137216K, used 10736K [0x00000000ebb00000, 0x00000000f4c00000, 0x0000000100000000)
  eden space 126464K, 0% used [0x00000000ebb00000,0x00000000ebb00000,0x00000000f3680000)
  from space 10752K, 99% used [0x00000000f3680000,0x00000000f40fc010,0x00000000f4100000)
  to   space 10240K, 0% used [0x00000000f4100000,0x00000000f4100000,0x00000000f4b00000)
 ParOldGen       total 42496K, used 21817K [0x00000000c3000000, 0x00000000c5980000, 0x00000000ebb00000)
  object space 42496K, 51% used [0x00000000c3000000,0x00000000c454e7a0,0x00000000c5980000)
 Metaspace       used 15547K, capacity 15746K, committed 15872K, reserved 1062912K
  class space    used 1955K, capacity 2027K, committed 2048K, reserved 1048576K
GC Heap History (10 events):
Event: 2,575 GC heap after
Heap after GC invocations=2 (full 0):
 PSYoungGen      total 34304K, used 2544K [0x00000000ebb00000, 0x00000000edf00000, 0x0000000100000000)
  eden space 31744K, 0% used [0x00000000ebb00000,0x00000000ebb00000,0x00000000eda00000)
  from space 2560K, 99% used [0x00000000edc80000,0x00000000edefc010,0x00000000edf00000)
  to   space 2560K, 0% used [0x00000000eda00000,0x00000000eda00000,0x00000000edc80000)
 ParOldGen       total 42496K, used 3701K [0x00000000c3000000, 0x00000000c5980000, 0x00000000ebb00000)
  object space 42496K, 8% used [0x00000000c3000000,0x00000000c339d6d8,0x00000000c5980000)
 Metaspace       used 10703K, capacity 10890K, committed 11136K, reserved 1058816K
  class space    used 1450K, capacity 1559K, committed 1664K, reserved 1048576K
}
Event: 4,187 GC heap before
{Heap before GC invocations=3 (full 0):
 PSYoungGen      total 34304K, used 34288K [0x00000000ebb00000, 0x00000000edf00000, 0x0000000100000000)
  eden space 31744K, 100% used [0x00000000ebb00000,0x00000000eda00000,0x00000000eda00000)
  from space 2560K, 99% used [0x00000000edc80000,0x00000000edefc010,0x00000000edf00000)
  to   space 2560K, 0% used [0x00000000eda00000,0x00000000eda00000,0x00000000edc80000)
 ParOldGen       total 42496K, used 3701K [0x00000000c3000000, 0x00000000c5980000, 0x00000000ebb00000)
  object space 42496K, 8% used [0x00000000c3000000,0x00000000c339d6d8,0x00000000c5980000)
 Metaspace       used 14429K, capacity 14672K, committed 14848K, reserved 1062912K
  class space    used 1864K, capacity 1944K, committed 2048K, reserved 1048576K
Event: 4,225 GC heap after
Heap after GC invocations=3 (full 0):
 PSYoungGen      total 34304K, used 2528K [0x00000000ebb00000, 0x00000000efe00000, 0x0000000100000000)
  eden space 31744K, 0% used [0x00000000ebb00000,0x00000000ebb00000,0x00000000eda00000)
  from space 2560K, 98% used [0x00000000eda00000,0x00000000edc78020,0x00000000edc80000)
  to   space 2560K, 0% used [0x00000000efb80000,0x00000000efb80000,0x00000000efe00000)
 ParOldGen       total 42496K, used 8700K [0x00000000c3000000, 0x00000000c5980000, 0x00000000ebb00000)
  object space 42496K, 20% used [0x00000000c3000000,0x00000000c387f188,0x00000000c5980000)
 Metaspace       used 14429K, capacity 14672K, committed 14848K, reserved 1062912K
  class space    used 1864K, capacity 1944K, committed 2048K, reserved 1048576K
}
Event: 5,243 GC heap before
{Heap before GC invocations=4 (full 0):
 PSYoungGen      total 34304K, used 34272K [0x00000000ebb00000, 0x00000000efe00000, 0x0000000100000000)
  eden space 31744K, 100% used [0x00000000ebb00000,0x00000000eda00000,0x00000000eda00000)
  from space 2560K, 98% used [0x00000000eda00000,0x00000000edc78020,0x00000000edc80000)
  to   space 2560K, 0% used [0x00000000efb80000,0x00000000efb80000,0x00000000efe00000)
 ParOldGen       total 42496K, used 8700K [0x00000000c3000000, 0x00000000c5980000, 0x00000000ebb00000)
  object space 42496K, 20% used [0x00000000c3000000,0x00000000c387f188,0x00000000c5980000)
 Metaspace       used 14750K, capacity 14960K, committed 15104K, reserved 1062912K
  class space    used 1888K, capacity 1960K, committed 2048K, reserved 1048576K
Event: 5,256 GC heap after
Heap after GC invocations=4 (full 0):
 PSYoungGen      total 66048K, used 2544K [0x00000000ebb00000, 0x00000000efe00000, 0x0000000100000000)
  eden space 63488K, 0% used [0x00000000ebb00000,0x00000000ebb00000,0x00000000ef900000)
  from space 2560K, 99% used [0x00000000efb80000,0x00000000efdfc030,0x00000000efe00000)
  to   space 2560K, 0% used [0x00000000ef900000,0x00000000ef900000,0x00000000efb80000)
 ParOldGen       total 42496K, used 11949K [0x00000000c3000000, 0x00000000c5980000, 0x00000000ebb00000)
  object space 42496K, 28% used [0x00000000c3000000,0x00000000c3bab510,0x00000000c5980000)
 Metaspace       used 14750K, capacity 14960K, committed 15104K, reserved 1062912K
  class space    used 1888K, capacity 1960K, committed 2048K, reserved 1048576K
}
Event: 6,539 GC heap before
{Heap before GC invocations=5 (full 0):
 PSYoungGen      total 66048K, used 66032K [0x00000000ebb00000, 0x00000000efe00000, 0x0000000100000000)
  eden space 63488K, 100% used [0x00000000ebb00000,0x00000000ef900000,0x00000000ef900000)
  from space 2560K, 99% used [0x00000000efb80000,0x00000000efdfc030,0x00000000efe00000)
  to   space 2560K, 0% used [0x00000000ef900000,0x00000000ef900000,0x00000000efb80000)
 ParOldGen       total 42496K, used 11949K [0x00000000c3000000, 0x00000000c5980000, 0x00000000ebb00000)
  object space 42496K, 28% used [0x00000000c3000000,0x00000000c3bab510,0x00000000c5980000)
 Metaspace       used 15023K, capacity 15248K, committed 15360K, reserved 1062912K
  class space    used 1921K, capacity 1992K, committed 2048K, reserved 1048576K
Event: 6,586 GC heap after
Heap after GC invocations=5 (full 0):
 PSYoungGen      total 66048K, used 2528K [0x00000000ebb00000, 0x00000000f4b00000, 0x0000000100000000)
  eden space 63488K, 0% used [0x00000000ebb00000,0x00000000ebb00000,0x00000000ef900000)
  from space 2560K, 98% used [0x00000000ef900000,0x00000000efb78020,0x00000000efb80000)
  to   space 10240K, 0% used [0x00000000f4100000,0x00000000f4100000,0x00000000f4b00000)
 ParOldGen       total 42496K, used 18461K [0x00000000c3000000, 0x00000000c5980000, 0x00000000ebb00000)
  object space 42496K, 43% used [0x00000000c3000000,0x00000000c42077b0,0x00000000c5980000)
 Metaspace       used 15023K, capacity 15248K, committed 15360K, reserved 1062912K
  class space    used 1921K, capacity 1992K, committed 2048K, reserved 1048576K
}
Event: 7,665 GC heap before
{Heap before GC invocations=6 (full 0):
 PSYoungGen      total 66048K, used 66016K [0x00000000ebb00000, 0x00000000f4b00000, 0x0000000100000000)
  eden space 63488K, 100% used [0x00000000ebb00000,0x00000000ef900000,0x00000000ef900000)
  from space 2560K, 98% used [0x00000000ef900000,0x00000000efb78020,0x00000000efb80000)
  to   space 10240K, 0% used [0x00000000f4100000,0x00000000f4100000,0x00000000f4b00000)
 ParOldGen       total 42496K, used 18461K [0x00000000c3000000, 0x00000000c5980000, 0x00000000ebb00000)
  object space 42496K, 43% used [0x00000000c3000000,0x00000000c42077b0,0x00000000c5980000)
 Metaspace       used 15168K, capacity 15376K, committed 15616K, reserved 1062912K
  class space    used 1923K, capacity 1992K, committed 2048K, reserved 1048576K
Event: 7,771 GC heap after
Heap after GC invocations=6 (full 0):
 PSYoungGen      total 136704K, used 7962K [0x00000000ebb00000, 0x00000000f4c00000, 0x0000000100000000)
  eden space 126464K, 0% used [0x00000000ebb00000,0x00000000ebb00000,0x00000000f3680000)
  from space 10240K, 77% used [0x00000000f4100000,0x00000000f48c6830,0x00000000f4b00000)
  to   space 10752K, 0% used [0x00000000f3680000,0x00000000f3680000,0x00000000f4100000)
 ParOldGen       total 42496K, used 18469K [0x00000000c3000000, 0x00000000c5980000, 0x00000000ebb00000)
  object space 42496K, 43% used [0x00000000c3000000,0x00000000c42097b0,0x00000000c5980000)
 Metaspace       used 15168K, capacity 15376K, committed 15616K, reserved 1062912K
  class space    used 1923K, capacity 1992K, committed 2048K, reserved 1048576K
}
Event: 9,928 GC heap before
{Heap before GC invocations=7 (full 0):
 PSYoungGen      total 136704K, used 134426K [0x00000000ebb00000, 0x00000000f4c00000, 0x0000000100000000)
  eden space 126464K, 100% used [0x00000000ebb00000,0x00000000f3680000,0x00000000f3680000)
  from space 10240K, 77% used [0x00000000f4100000,0x00000000f48c6830,0x00000000f4b00000)
  to   space 10752K, 0% used [0x00000000f3680000,0x00000000f3680000,0x00000000f4100000)
 ParOldGen       total 42496K, used 18469K [0x00000000c3000000, 0x00000000c5980000, 0x00000000ebb00000)
  object space 42496K, 43% used [0x00000000c3000000,0x00000000c42097b0,0x00000000c5980000)
 Metaspace       used 15547K, capacity 15746K, committed 15872K, reserved 1062912K
  class space    used 1955K, capacity 2027K, committed 2048K, reserved 1048576K

